<?xml version="1.0" encoding="UTF-8"?>
<!-- Generated by org.testng.reporters.JUnitReportReporter -->
<testsuite hostname="DESKTOP-30OAFHF" failures="0" tests="1" name="script.TestDemo" time="17.547" errors="0" timestamp="28 Sep 2018 10:08:41 GMT" skipped="0">
  <testcase classname="script.TestDemo" name="testA" time="17.547"/>
</testsuite> <!-- script.TestDemo -->
