<?xml version="1.0" encoding="UTF-8"?>
<!-- Generated by org.testng.reporters.JUnitReportReporter -->
<testsuite hostname="DESKTOP-30OAFHF" failures="0" tests="1" name="script.TestDemo" time="55.308" errors="0" timestamp="01 Oct 2018 05:45:22 GMT" skipped="0">
  <testcase classname="script.TestDemo" name="testA" time="55.308"/>
</testsuite> <!-- script.TestDemo -->
