<?xml version="1.0" encoding="UTF-8"?>
<!-- Generated by org.testng.reporters.JUnitReportReporter -->
<testsuite hostname="DESKTOP-30OAFHF" failures="0" tests="1" name="script.TestDemo" time="12.083" errors="0" timestamp="26 Sep 2018 09:50:00 GMT" skipped="0">
  <testcase classname="script.TestDemo" name="test" time="12.083"/>
</testsuite> <!-- script.TestDemo -->
