<?xml version="1.0" encoding="UTF-8"?>
<!-- Generated by org.testng.reporters.JUnitReportReporter -->
<testsuite hostname="DESKTOP-30OAFHF" failures="0" tests="1" name="script.TestDemo2" time="13.276" errors="0" timestamp="28 Sep 2018 08:27:16 GMT" skipped="0">
  <testcase classname="script.TestDemo2" name="testA" time="13.276"/>
</testsuite> <!-- script.TestDemo2 -->
